C:\PROJECTS\TASK3\OPTION9\DEBUG\OPTION9.EXE
C:\PROJECTS\TASK3\OPTION9\DEBUG\OPTION9.ILK
C:\PROJECTS\TASK3\OPTION9\DEBUG\OPTION9.PDB
C:\projects\task3\Option9\Option9\Debug\cl.command.1.tlog
C:\projects\task3\Option9\Option9\Debug\CL.read.1.tlog
C:\projects\task3\Option9\Option9\Debug\CL.write.1.tlog
C:\projects\task3\Option9\Option9\Debug\link.3500.read.1.tlog
C:\projects\task3\Option9\Option9\Debug\link.3500.write.1.tlog
C:\projects\task3\Option9\Option9\Debug\link.3500-cvtres.read.1.tlog
C:\projects\task3\Option9\Option9\Debug\link.3500-cvtres.write.1.tlog
C:\projects\task3\Option9\Option9\Debug\link.command.1.tlog
C:\projects\task3\Option9\Option9\Debug\link.read.1.tlog
C:\projects\task3\Option9\Option9\Debug\link.write.1.tlog
C:\projects\task3\Option9\Option9\Debug\link-cvtres.read.1.tlog
C:\projects\task3\Option9\Option9\Debug\link-cvtres.write.1.tlog
C:\projects\task3\Option9\Option9\Debug\mt.command.1.tlog
C:\projects\task3\Option9\Option9\Debug\mt.read.1.tlog
C:\projects\task3\Option9\Option9\Debug\mt.write.1.tlog
C:\PROJECTS\TASK3\OPTION9\OPTION9\DEBUG\OPTION9.EXE.EMBED.MANIFEST
C:\PROJECTS\TASK3\OPTION9\OPTION9\DEBUG\OPTION9.EXE.EMBED.MANIFEST.RES
C:\PROJECTS\TASK3\OPTION9\OPTION9\DEBUG\OPTION9.EXE.INTERMEDIATE.MANIFEST
C:\PROJECTS\TASK3\OPTION9\OPTION9\DEBUG\OPTION9.OBJ
C:\projects\task3\Option9\Option9\Debug\Option9_manifest.rc
C:\projects\task3\Option9\Option9\Debug\rc.command.1.tlog
C:\projects\task3\Option9\Option9\Debug\rc.read.1.tlog
C:\projects\task3\Option9\Option9\Debug\rc.write.1.tlog
C:\projects\task3\Option9\Option9\Debug\vc100.idb
C:\PROJECTS\TASK3\OPTION9\OPTION9\DEBUG\VC100.PDB
