Build started 25.10.2012 15:57:54.
     1>Project "C:\projects\task3\Option9\Option9\Option9.vcxproj" on node 2 (build target(s)).
     1>InitializeBuildStatus:
         Touching "Debug\Option9.unsuccessfulbuild".
       ClCompile:
         C:\Program Files\Microsoft Visual Studio 10.0\VC\bin\CL.exe /c /ZI /nologo /W3 /WX- /Od /Oy- /D WIN32 /D _DEBUG /D _CONSOLE /D _UNICODE /D UNICODE /Gm /EHsc /RTC1 /MDd /GS /fp:precise /Zc:wchar_t /Zc:forScope /Fo"Debug\\" /Fd"Debug\vc100.pdb" /Gd /TP /analyze- /errorReport:prompt option9.cpp
         option9.cpp
     1>c:\projects\task3\option9\option9\option9.cpp(180): warning C4996: 'getch': The POSIX name for this item is deprecated. Instead, use the ISO C++ conformant name: _getch. See online help for details.
                 c:\program files\microsoft visual studio 10.0\vc\include\conio.h(128) : see declaration of 'getch'
       ManifestResourceCompile:
         All outputs are up-to-date.
       Link:
         C:\Program Files\Microsoft Visual Studio 10.0\VC\bin\link.exe /ERRORREPORT:PROMPT /OUT:"C:\projects\task3\Option9\Debug\Option9.exe" /INCREMENTAL /NOLOGO kernel32.lib user32.lib gdi32.lib winspool.lib comdlg32.lib advapi32.lib shell32.lib ole32.lib oleaut32.lib uuid.lib odbc32.lib odbccp32.lib /MANIFEST /ManifestFile:"Debug\Option9.exe.intermediate.manifest" /MANIFESTUAC:"level='asInvoker' uiAccess='false'" /DEBUG /PDB:"C:\projects\task3\Option9\Debug\Option9.pdb" /SUBSYSTEM:CONSOLE /TLBID:1 /DYNAMICBASE /NXCOMPAT /IMPLIB:"C:\projects\task3\Option9\Debug\Option9.lib" /MACHINE:X86 Debug\Option9.exe.embed.manifest.res
         Debug\option9.obj
       Manifest:
         C:\Program Files\Microsoft SDKs\Windows\v7.0A\bin\mt.exe /nologo /verbose /out:"Debug\Option9.exe.embed.manifest" /manifest Debug\Option9.exe.intermediate.manifest
         All outputs are up-to-date.
       LinkEmbedManifest:
         All outputs are up-to-date.
         Option9.vcxproj -> C:\projects\task3\Option9\Debug\Option9.exe
       FinalizeBuildStatus:
         Deleting file "Debug\Option9.unsuccessfulbuild".
         Touching "Debug\Option9.lastbuildstate".
     1>Done Building Project "C:\projects\task3\Option9\Option9\Option9.vcxproj" (build target(s)).

Build succeeded.

Time Elapsed 00:00:02.14
