Build started 28.10.2012 19:05:35.
     1>Project "C:\projects\task3\Option12\Option12\Option12.vcxproj" on node 2 (build target(s)).
     1>InitializeBuildStatus:
         Creating "Debug\Option12.unsuccessfulbuild" because "AlwaysCreate" was specified.
       ClCompile:
         C:\Program Files\Microsoft Visual Studio 10.0\VC\bin\CL.exe /c /ZI /nologo /W3 /WX- /Od /Oy- /D WIN32 /D _DEBUG /D _CONSOLE /D _UNICODE /D UNICODE /Gm /EHsc /RTC1 /MDd /GS /fp:precise /Zc:wchar_t /Zc:forScope /Fo"Debug\\" /Fd"Debug\vc100.pdb" /Gd /TP /analyze- /errorReport:prompt option12.cpp rowList.cpp
         rowList.cpp
         Generating Code...
         Compiling...
         option12.cpp
         Generating Code...
       ManifestResourceCompile:
         All outputs are up-to-date.
       Link:
         C:\Program Files\Microsoft Visual Studio 10.0\VC\bin\link.exe /ERRORREPORT:PROMPT /OUT:"C:\projects\task3\Option12\Debug\Option12.exe" /INCREMENTAL /NOLOGO kernel32.lib user32.lib gdi32.lib winspool.lib comdlg32.lib advapi32.lib shell32.lib ole32.lib oleaut32.lib uuid.lib odbc32.lib odbccp32.lib /MANIFEST /ManifestFile:"Debug\Option12.exe.intermediate.manifest" /MANIFESTUAC:"level='asInvoker' uiAccess='false'" /DEBUG /PDB:"C:\projects\task3\Option12\Debug\Option12.pdb" /SUBSYSTEM:CONSOLE /TLBID:1 /DYNAMICBASE /NXCOMPAT /IMPLIB:"C:\projects\task3\Option12\Debug\Option12.lib" /MACHINE:X86 Debug\Option12.exe.embed.manifest.res
         Debug\option12.obj
         Debug\rowList.obj
       Manifest:
         C:\Program Files\Microsoft SDKs\Windows\v7.0A\bin\mt.exe /nologo /verbose /out:"Debug\Option12.exe.embed.manifest" /manifest Debug\Option12.exe.intermediate.manifest
         All outputs are up-to-date.
       LinkEmbedManifest:
         All outputs are up-to-date.
         Option12.vcxproj -> C:\projects\task3\Option12\Debug\Option12.exe
       FinalizeBuildStatus:
         Deleting file "Debug\Option12.unsuccessfulbuild".
         Touching "Debug\Option12.lastbuildstate".
     1>Done Building Project "C:\projects\task3\Option12\Option12\Option12.vcxproj" (build target(s)).

Build succeeded.

Time Elapsed 00:00:02.18
